[2m4:54:19 pm[22m [31m[1m[vite][22m[39m [31mInternal server error: [postcss] C:/Users/seesi/Desktop/Dine - Copy/client/src/index.css:72:5: The `bg-gray-900/86` class does not exist. If `bg-gray-900/86` is a custom class, make sure it is defined within a `@layer` directive.[39m
  Plugin: [35mvite:css[39m
  File: [36mC:/Users/seesi/Desktop/Dine - Copy/client/src/index.css[39m:72:4
[33m  70 |    }
  71 |    .card {
  72 |      @apply bg-gray-900/86 border border-gray-800 rounded-2xl p-6 shadow-xl;
     |      ^
  73 |      backdrop-filter: blur(18px);
  74 |      box-shadow: 0 24px 80px rgba(2, 6, 23, 0.36), inset 0 1px 0 rgba(255, 255, 255, 0.04);[39m
      at Input.error (C:\Users\seesi\Desktop\Dine - Copy\client\node_modules\postcss\lib\input.js:135:16)
      at AtRule.error (C:\Users\seesi\Desktop\Dine - Copy\client\node_modules\postcss\lib\node.js:146:32)
      at processApply (C:\Users\seesi\Desktop\Dine - Copy\client\node_modules\tailwindcss\lib\lib\expandApplyAtRules.js:380:29)
      at C:\Users\seesi\Desktop\Dine - Copy\client\node_modules\tailwindcss\lib\lib\expandApplyAtRules.js:551:9
      at C:\Users\seesi\Desktop\Dine - Copy\client\node_modules\tailwindcss\lib\processTailwindFeatures.js:55:50
      at async plugins (C:\Users\seesi\Desktop\Dine - Copy\client\node_modules\tailwindcss\lib\plugin.js:38:17)
      at async LazyResult.runAsync (C:\Users\seesi\Desktop\Dine - Copy\client\node_modules\postcss\lib\lazy-result.js:293:11)
      at async compileCSS (file:///C:/Users/seesi/Desktop/Dine%20-%20Copy/client/node_modules/vite/dist/node/chunks/dep-BK3b2jBa.js:36898:21)
      at async TransformPluginContext.transform (file:///C:/Users/seesi/Desktop/Dine%20-%20Copy/client/node_modules/vite/dist/node/chunks/dep-BK3b2jBa.js:36171:11)
      at async PluginContainer.transform (file:///C:/Users/seesi/Desktop/Dine%20-%20Copy/client/node_modules/vite/dist/node/chunks/dep-BK3b2jBa.js:49099:18)
      at async loadAndTransform (file:///C:/Users/seesi/Desktop/Dine%20-%20Copy/client/node_modules/vite/dist/node/chunks/dep-BK3b2jBa.js:51978:27)
[2m4:54:19 pm[22m [31m[1m[vite][22m[39m [31mInternal server error: [postcss] C:/Users/seesi/Desktop/Dine - Copy/client/src/index.css:72:5: The `bg-gray-900/86` class does not exist. If `bg-gray-900/86` is a custom class, make sure it is defined within a `@layer` directive.[39m
  Plugin: [35mvite:css[39m
  File: [36mC:/Users/seesi/Desktop/Dine - Copy/client/src/index.css[39m:72:4
[33m  70 |    }
  71 |    .card {
  72 |      @apply bg-gray-900/86 border border-gray-800 rounded-2xl p-6 shadow-xl;
     |      ^
  73 |      backdrop-filter: blur(18px);
  74 |      box-shadow: 0 24px 80px rgba(2, 6, 23, 0.36), inset 0 1px 0 rgba(255, 255, 255, 0.04);[39m
      at Input.error (C:\Users\seesi\Desktop\Dine - Copy\client\node_modules\postcss\lib\input.js:135:16)
      at AtRule.error (C:\Users\seesi\Desktop\Dine - Copy\client\node_modules\postcss\lib\node.js:146:32)
      at processApply (C:\Users\seesi\Desktop\Dine - Copy\client\node_modules\tailwindcss\lib\lib\expandApplyAtRules.js:380:29)
      at C:\Users\seesi\Desktop\Dine - Copy\client\node_modules\tailwindcss\lib\lib\expandApplyAtRules.js:551:9
      at C:\Users\seesi\Desktop\Dine - Copy\client\node_modules\tailwindcss\lib\processTailwindFeatures.js:55:50
      at async plugins (C:\Users\seesi\Desktop\Dine - Copy\client\node_modules\tailwindcss\lib\plugin.js:38:17)
      at async LazyResult.runAsync (C:\Users\seesi\Desktop\Dine - Copy\client\node_modules\postcss\lib\lazy-result.js:293:11)
      at async compileCSS (file:///C:/Users/seesi/Desktop/Dine%20-%20Copy/client/node_modules/vite/dist/node/chunks/dep-BK3b2jBa.js:36898:21)
      at async TransformPluginContext.transform (file:///C:/Users/seesi/Desktop/Dine%20-%20Copy/client/node_modules/vite/dist/node/chunks/dep-BK3b2jBa.js:36171:11)
      at async PluginContainer.transform (file:///C:/Users/seesi/Desktop/Dine%20-%20Copy/client/node_modules/vite/dist/node/chunks/dep-BK3b2jBa.js:49099:18)
      at async loadAndTransform (file:///C:/Users/seesi/Desktop/Dine%20-%20Copy/client/node_modules/vite/dist/node/chunks/dep-BK3b2jBa.js:51978:27)
[2m4:54:30 pm[22m [31m[1m[vite][22m[39m Pre-transform error: [postcss] C:/Users/seesi/Desktop/Dine - Copy/client/src/index.css:72:5: The `bg-gray-900/86` class does not exist. If `bg-gray-900/86` is a custom class, make sure it is defined within a `@layer` directive.
[2m4:54:31 pm[22m [31m[1m[vite][22m[39m [31mInternal server error: [postcss] C:/Users/seesi/Desktop/Dine - Copy/client/src/index.css:72:5: The `bg-gray-900/86` class does not exist. If `bg-gray-900/86` is a custom class, make sure it is defined within a `@layer` directive.[39m
  Plugin: [35mvite:css[39m
  File: [36mC:/Users/seesi/Desktop/Dine - Copy/client/src/index.css[39m:72:4
[33m  70 |    }
  71 |    .card {
  72 |      @apply bg-gray-900/86 border border-gray-800 rounded-2xl p-6 shadow-xl;
     |      ^
  73 |      backdrop-filter: blur(18px);
  74 |      box-shadow: 0 24px 80px rgba(2, 6, 23, 0.36), inset 0 1px 0 rgba(255, 255, 255, 0.04);[39m
      at Input.error (C:\Users\seesi\Desktop\Dine - Copy\client\node_modules\postcss\lib\input.js:135:16)
      at AtRule.error (C:\Users\seesi\Desktop\Dine - Copy\client\node_modules\postcss\lib\node.js:146:32)
      at processApply (C:\Users\seesi\Desktop\Dine - Copy\client\node_modules\tailwindcss\lib\lib\expandApplyAtRules.js:380:29)
      at C:\Users\seesi\Desktop\Dine - Copy\client\node_modules\tailwindcss\lib\lib\expandApplyAtRules.js:551:9
      at C:\Users\seesi\Desktop\Dine - Copy\client\node_modules\tailwindcss\lib\processTailwindFeatures.js:55:50
      at async plugins (C:\Users\seesi\Desktop\Dine - Copy\client\node_modules\tailwindcss\lib\plugin.js:38:17)
      at async LazyResult.runAsync (C:\Users\seesi\Desktop\Dine - Copy\client\node_modules\postcss\lib\lazy-result.js:293:11)
      at async compileCSS (file:///C:/Users/seesi/Desktop/Dine%20-%20Copy/client/node_modules/vite/dist/node/chunks/dep-BK3b2jBa.js:36898:21)
      at async TransformPluginContext.transform (file:///C:/Users/seesi/Desktop/Dine%20-%20Copy/client/node_modules/vite/dist/node/chunks/dep-BK3b2jBa.js:36171:11)
      at async PluginContainer.transform (file:///C:/Users/seesi/Desktop/Dine%20-%20Copy/client/node_modules/vite/dist/node/chunks/dep-BK3b2jBa.js:49099:18)
      at async loadAndTransform (file:///C:/Users/seesi/Desktop/Dine%20-%20Copy/client/node_modules/vite/dist/node/chunks/dep-BK3b2jBa.js:51978:27)
      at async viteTransformMiddleware (file:///C:/Users/seesi/Desktop/Dine%20-%20Copy/client/node_modules/vite/dist/node/chunks/dep-BK3b2jBa.js:62106:24)
[2m4:54:32 pm[22m [31m[1m[vite][22m[39m [31mInternal server error: [postcss] C:/Users/seesi/Desktop/Dine - Copy/client/src/index.css:72:5: The `bg-gray-900/86` class does not exist. If `bg-gray-900/86` is a custom class, make sure it is defined within a `@layer` directive.[39m
  Plugin: [35mvite:css[39m
  File: [36mC:/Users/seesi/Desktop/Dine - Copy/client/src/index.css[39m:72:4
[33m  70 |    }
  71 |    .card {
  72 |      @apply bg-gray-900/86 border border-gray-800 rounded-2xl p-6 shadow-xl;
     |      ^
  73 |      backdrop-filter: blur(18px);
  74 |      box-shadow: 0 24px 80px rgba(2, 6, 23, 0.36), inset 0 1px 0 rgba(255, 255, 255, 0.04);[39m
      at Input.error (C:\Users\seesi\Desktop\Dine - Copy\client\node_modules\postcss\lib\input.js:135:16)
      at AtRule.error (C:\Users\seesi\Desktop\Dine - Copy\client\node_modules\postcss\lib\node.js:146:32)
      at processApply (C:\Users\seesi\Desktop\Dine - Copy\client\node_modules\tailwindcss\lib\lib\expandApplyAtRules.js:380:29)
      at C:\Users\seesi\Desktop\Dine - Copy\client\node_modules\tailwindcss\lib\lib\expandApplyAtRules.js:551:9
      at C:\Users\seesi\Desktop\Dine - Copy\client\node_modules\tailwindcss\lib\processTailwindFeatures.js:55:50
      at async plugins (C:\Users\seesi\Desktop\Dine - Copy\client\node_modules\tailwindcss\lib\plugin.js:38:17)
      at async LazyResult.runAsync (C:\Users\seesi\Desktop\Dine - Copy\client\node_modules\postcss\lib\lazy-result.js:293:11)
      at async compileCSS (file:///C:/Users/seesi/Desktop/Dine%20-%20Copy/client/node_modules/vite/dist/node/chunks/dep-BK3b2jBa.js:36898:21)
      at async TransformPluginContext.transform (file:///C:/Users/seesi/Desktop/Dine%20-%20Copy/client/node_modules/vite/dist/node/chunks/dep-BK3b2jBa.js:36171:11)
      at async PluginContainer.transform (file:///C:/Users/seesi/Desktop/Dine%20-%20Copy/client/node_modules/vite/dist/node/chunks/dep-BK3b2jBa.js:49099:18)
      at async loadAndTransform (file:///C:/Users/seesi/Desktop/Dine%20-%20Copy/client/node_modules/vite/dist/node/chunks/dep-BK3b2jBa.js:51978:27)
      at async viteTransformMiddleware (file:///C:/Users/seesi/Desktop/Dine%20-%20Copy/client/node_modules/vite/dist/node/chunks/dep-BK3b2jBa.js:62106:24)
[2m4:54:34 pm[22m [31m[1m[vite][22m[39m Pre-transform error: [postcss] C:/Users/seesi/Desktop/Dine - Copy/client/src/index.css:72:5: The `bg-gray-900/86` class does not exist. If `bg-gray-900/86` is a custom class, make sure it is defined within a `@layer` directive.
[2m4:54:34 pm[22m [31m[1m[vite][22m[39m [31mInternal server error: [postcss] C:/Users/seesi/Desktop/Dine - Copy/client/src/index.css:72:5: The `bg-gray-900/86` class does not exist. If `bg-gray-900/86` is a custom class, make sure it is defined within a `@layer` directive.[39m
  Plugin: [35mvite:css[39m
  File: [36mC:/Users/seesi/Desktop/Dine - Copy/client/src/index.css[39m:72:4
[33m  70 |    }
  71 |    .card {
  72 |      @apply bg-gray-900/86 border border-gray-800 rounded-2xl p-6 shadow-xl;
     |      ^
  73 |      backdrop-filter: blur(18px);
  74 |      box-shadow: 0 24px 80px rgba(2, 6, 23, 0.36), inset 0 1px 0 rgba(255, 255, 255, 0.04);[39m
      at Input.error (C:\Users\seesi\Desktop\Dine - Copy\client\node_modules\postcss\lib\input.js:135:16)
      at AtRule.error (C:\Users\seesi\Desktop\Dine - Copy\client\node_modules\postcss\lib\node.js:146:32)
      at processApply (C:\Users\seesi\Desktop\Dine - Copy\client\node_modules\tailwindcss\lib\lib\expandApplyAtRules.js:380:29)
      at C:\Users\seesi\Desktop\Dine - Copy\client\node_modules\tailwindcss\lib\lib\expandApplyAtRules.js:551:9
      at C:\Users\seesi\Desktop\Dine - Copy\client\node_modules\tailwindcss\lib\processTailwindFeatures.js:55:50
      at async plugins (C:\Users\seesi\Desktop\Dine - Copy\client\node_modules\tailwindcss\lib\plugin.js:38:17)
      at async LazyResult.runAsync (C:\Users\seesi\Desktop\Dine - Copy\client\node_modules\postcss\lib\lazy-result.js:293:11)
      at async compileCSS (file:///C:/Users/seesi/Desktop/Dine%20-%20Copy/client/node_modules/vite/dist/node/chunks/dep-BK3b2jBa.js:36898:21)
      at async TransformPluginContext.transform (file:///C:/Users/seesi/Desktop/Dine%20-%20Copy/client/node_modules/vite/dist/node/chunks/dep-BK3b2jBa.js:36171:11)
      at async PluginContainer.transform (file:///C:/Users/seesi/Desktop/Dine%20-%20Copy/client/node_modules/vite/dist/node/chunks/dep-BK3b2jBa.js:49099:18)
      at async loadAndTransform (file:///C:/Users/seesi/Desktop/Dine%20-%20Copy/client/node_modules/vite/dist/node/chunks/dep-BK3b2jBa.js:51978:27)
      at async viteTransformMiddleware (file:///C:/Users/seesi/Desktop/Dine%20-%20Copy/client/node_modules/vite/dist/node/chunks/dep-BK3b2jBa.js:62106:24)
[2m4:54:39 pm[22m [31m[1m[vite][22m[39m [31mInternal server error: [postcss] C:/Users/seesi/Desktop/Dine - Copy/client/src/index.css:72:5: The `bg-gray-900/86` class does not exist. If `bg-gray-900/86` is a custom class, make sure it is defined within a `@layer` directive.[39m
  Plugin: [35mvite:css[39m
  File: [36mC:/Users/seesi/Desktop/Dine - Copy/client/src/index.css[39m:72:4
[33m  70 |    }
  71 |    .card {
  72 |      @apply bg-gray-900/86 border border-gray-800 rounded-2xl p-6 shadow-xl;
     |      ^
  73 |      backdrop-filter: blur(18px);
  74 |      box-shadow: 0 24px 80px rgba(2, 6, 23, 0.36), inset 0 1px 0 rgba(255, 255, 255, 0.04);[39m
      at Input.error (C:\Users\seesi\Desktop\Dine - Copy\client\node_modules\postcss\lib\input.js:135:16)
      at AtRule.error (C:\Users\seesi\Desktop\Dine - Copy\client\node_modules\postcss\lib\node.js:146:32)
      at processApply (C:\Users\seesi\Desktop\Dine - Copy\client\node_modules\tailwindcss\lib\lib\expandApplyAtRules.js:380:29)
      at C:\Users\seesi\Desktop\Dine - Copy\client\node_modules\tailwindcss\lib\lib\expandApplyAtRules.js:551:9
      at C:\Users\seesi\Desktop\Dine - Copy\client\node_modules\tailwindcss\lib\processTailwindFeatures.js:55:50
      at async plugins (C:\Users\seesi\Desktop\Dine - Copy\client\node_modules\tailwindcss\lib\plugin.js:38:17)
      at async LazyResult.runAsync (C:\Users\seesi\Desktop\Dine - Copy\client\node_modules\postcss\lib\lazy-result.js:293:11)
      at async compileCSS (file:///C:/Users/seesi/Desktop/Dine%20-%20Copy/client/node_modules/vite/dist/node/chunks/dep-BK3b2jBa.js:36898:21)
      at async TransformPluginContext.transform (file:///C:/Users/seesi/Desktop/Dine%20-%20Copy/client/node_modules/vite/dist/node/chunks/dep-BK3b2jBa.js:36171:11)
      at async PluginContainer.transform (file:///C:/Users/seesi/Desktop/Dine%20-%20Copy/client/node_modules/vite/dist/node/chunks/dep-BK3b2jBa.js:49099:18)
      at async loadAndTransform (file:///C:/Users/seesi/Desktop/Dine%20-%20Copy/client/node_modules/vite/dist/node/chunks/dep-BK3b2jBa.js:51978:27)
      at async viteTransformMiddleware (file:///C:/Users/seesi/Desktop/Dine%20-%20Copy/client/node_modules/vite/dist/node/chunks/dep-BK3b2jBa.js:62106:24)
[2m4:54:41 pm[22m [31m[1m[vite][22m[39m Pre-transform error: [postcss] C:/Users/seesi/Desktop/Dine - Copy/client/src/index.css:72:5: The `bg-gray-900/86` class does not exist. If `bg-gray-900/86` is a custom class, make sure it is defined within a `@layer` directive.
[2m4:54:42 pm[22m [31m[1m[vite][22m[39m [31mInternal server error: [postcss] C:/Users/seesi/Desktop/Dine - Copy/client/src/index.css:72:5: The `bg-gray-900/86` class does not exist. If `bg-gray-900/86` is a custom class, make sure it is defined within a `@layer` directive.[39m
  Plugin: [35mvite:css[39m
  File: [36mC:/Users/seesi/Desktop/Dine - Copy/client/src/index.css[39m:72:4
[33m  70 |    }
  71 |    .card {
  72 |      @apply bg-gray-900/86 border border-gray-800 rounded-2xl p-6 shadow-xl;
     |      ^
  73 |      backdrop-filter: blur(18px);
  74 |      box-shadow: 0 24px 80px rgba(2, 6, 23, 0.36), inset 0 1px 0 rgba(255, 255, 255, 0.04);[39m
      at Input.error (C:\Users\seesi\Desktop\Dine - Copy\client\node_modules\postcss\lib\input.js:135:16)
      at AtRule.error (C:\Users\seesi\Desktop\Dine - Copy\client\node_modules\postcss\lib\node.js:146:32)
      at processApply (C:\Users\seesi\Desktop\Dine - Copy\client\node_modules\tailwindcss\lib\lib\expandApplyAtRules.js:380:29)
      at C:\Users\seesi\Desktop\Dine - Copy\client\node_modules\tailwindcss\lib\lib\expandApplyAtRules.js:551:9
      at C:\Users\seesi\Desktop\Dine - Copy\client\node_modules\tailwindcss\lib\processTailwindFeatures.js:55:50
      at async plugins (C:\Users\seesi\Desktop\Dine - Copy\client\node_modules\tailwindcss\lib\plugin.js:38:17)
      at async LazyResult.runAsync (C:\Users\seesi\Desktop\Dine - Copy\client\node_modules\postcss\lib\lazy-result.js:293:11)
      at async compileCSS (file:///C:/Users/seesi/Desktop/Dine%20-%20Copy/client/node_modules/vite/dist/node/chunks/dep-BK3b2jBa.js:36898:21)
      at async TransformPluginContext.transform (file:///C:/Users/seesi/Desktop/Dine%20-%20Copy/client/node_modules/vite/dist/node/chunks/dep-BK3b2jBa.js:36171:11)
      at async PluginContainer.transform (file:///C:/Users/seesi/Desktop/Dine%20-%20Copy/client/node_modules/vite/dist/node/chunks/dep-BK3b2jBa.js:49099:18)
      at async loadAndTransform (file:///C:/Users/seesi/Desktop/Dine%20-%20Copy/client/node_modules/vite/dist/node/chunks/dep-BK3b2jBa.js:51978:27)
      at async viteTransformMiddleware (file:///C:/Users/seesi/Desktop/Dine%20-%20Copy/client/node_modules/vite/dist/node/chunks/dep-BK3b2jBa.js:62106:24)
[2m4:54:49 pm[22m [31m[1m[vite][22m[39m [31mInternal server error: [postcss] C:/Users/seesi/Desktop/Dine - Copy/client/src/index.css:72:5: The `bg-gray-900/86` class does not exist. If `bg-gray-900/86` is a custom class, make sure it is defined within a `@layer` directive.[39m
  Plugin: [35mvite:css[39m
  File: [36mC:/Users/seesi/Desktop/Dine - Copy/client/src/index.css[39m:72:4
[33m  70 |    }
  71 |    .card {
  72 |      @apply bg-gray-900/86 border border-gray-800 rounded-2xl p-6 shadow-xl;
     |      ^
  73 |      backdrop-filter: blur(18px);
  74 |      box-shadow: 0 24px 80px rgba(2, 6, 23, 0.36), inset 0 1px 0 rgba(255, 255, 255, 0.04);[39m
      at Input.error (C:\Users\seesi\Desktop\Dine - Copy\client\node_modules\postcss\lib\input.js:135:16)
      at AtRule.error (C:\Users\seesi\Desktop\Dine - Copy\client\node_modules\postcss\lib\node.js:146:32)
      at processApply (C:\Users\seesi\Desktop\Dine - Copy\client\node_modules\tailwindcss\lib\lib\expandApplyAtRules.js:380:29)
      at C:\Users\seesi\Desktop\Dine - Copy\client\node_modules\tailwindcss\lib\lib\expandApplyAtRules.js:551:9
      at C:\Users\seesi\Desktop\Dine - Copy\client\node_modules\tailwindcss\lib\processTailwindFeatures.js:55:50
      at async plugins (C:\Users\seesi\Desktop\Dine - Copy\client\node_modules\tailwindcss\lib\plugin.js:38:17)
      at async LazyResult.runAsync (C:\Users\seesi\Desktop\Dine - Copy\client\node_modules\postcss\lib\lazy-result.js:293:11)
      at async compileCSS (file:///C:/Users/seesi/Desktop/Dine%20-%20Copy/client/node_modules/vite/dist/node/chunks/dep-BK3b2jBa.js:36898:21)
      at async TransformPluginContext.transform (file:///C:/Users/seesi/Desktop/Dine%20-%20Copy/client/node_modules/vite/dist/node/chunks/dep-BK3b2jBa.js:36171:11)
      at async PluginContainer.transform (file:///C:/Users/seesi/Desktop/Dine%20-%20Copy/client/node_modules/vite/dist/node/chunks/dep-BK3b2jBa.js:49099:18)
      at async loadAndTransform (file:///C:/Users/seesi/Desktop/Dine%20-%20Copy/client/node_modules/vite/dist/node/chunks/dep-BK3b2jBa.js:51978:27)
      at async viteTransformMiddleware (file:///C:/Users/seesi/Desktop/Dine%20-%20Copy/client/node_modules/vite/dist/node/chunks/dep-BK3b2jBa.js:62106:24)
